/Users/iliaraizman/Library/Python/3.9/lib/python/site-packages/urllib3/__init__.py:35: NotOpenSSLWarning: urllib3 v2 only supports OpenSSL 1.1.1+, currently the 'ssl' module is compiled with 'LibreSSL 2.8.3'. See: https://github.com/urllib3/urllib3/issues/3020
  warnings.warn(
$BLDE: possibly delisted; no price data found  (period=3mo) (Yahoo error = "No data found, symbol may be delisted")
$SMAR: possibly delisted; no price data found  (period=3mo) (Yahoo error = "No data found, symbol may be delisted")
$ZI: possibly delisted; no price data found  (period=3mo) (Yahoo error = "No data found, symbol may be delisted")
[2026-04-05 22:50:01] מתחיל סריקה...
סרקתי 47 מניות
✅ מייל נשלח (22:50:44)
סיום.
/Users/iliaraizman/Library/Python/3.9/lib/python/site-packages/urllib3/__init__.py:35: NotOpenSSLWarning: urllib3 v2 only supports OpenSSL 1.1.1+, currently the 'ssl' module is compiled with 'LibreSSL 2.8.3'. See: https://github.com/urllib3/urllib3/issues/3020
  warnings.warn(
$BLDE: possibly delisted; no price data found  (period=3mo) (Yahoo error = "No data found, symbol may be delisted")
$SMAR: possibly delisted; no price data found  (period=3mo) (Yahoo error = "No data found, symbol may be delisted")
$ZI: possibly delisted; no price data found  (period=3mo) (Yahoo error = "No data found, symbol may be delisted")
[2026-04-06 16:46:04] מתחיל סריקה...
סרקתי 47 מניות
✅ מייל נשלח (16:46:48)
סיום.
/Users/iliaraizman/Library/Python/3.9/lib/python/site-packages/urllib3/__init__.py:35: NotOpenSSLWarning: urllib3 v2 only supports OpenSSL 1.1.1+, currently the 'ssl' module is compiled with 'LibreSSL 2.8.3'. See: https://github.com/urllib3/urllib3/issues/3020
  warnings.warn(
$BLDE: possibly delisted; no price data found  (period=3mo) (Yahoo error = "No data found, symbol may be delisted")
$SMAR: possibly delisted; no price data found  (period=3mo) (Yahoo error = "No data found, symbol may be delisted")
$ZI: possibly delisted; no price data found  (period=3mo) (Yahoo error = "No data found, symbol may be delisted")
[2026-04-06 22:50:01] מתחיל סריקה...
סרקתי 47 מניות
✅ מייל נשלח (22:50:43)
סיום.
/Users/iliaraizman/Library/Python/3.9/lib/python/site-packages/urllib3/__init__.py:35: NotOpenSSLWarning: urllib3 v2 only supports OpenSSL 1.1.1+, currently the 'ssl' module is compiled with 'LibreSSL 2.8.3'. See: https://github.com/urllib3/urllib3/issues/3020
  warnings.warn(
$BLDE: possibly delisted; no price data found  (period=3mo) (Yahoo error = "No data found, symbol may be delisted")
$SMAR: possibly delisted; no price data found  (period=3mo) (Yahoo error = "No data found, symbol may be delisted")
$ZI: possibly delisted; no price data found  (period=3mo) (Yahoo error = "No data found, symbol may be delisted")
[2026-04-07 16:46:02] מתחיל סריקה...
סרקתי 47 מניות
✅ מייל נשלח (16:46:46)
סיום.
/Users/iliaraizman/Library/Python/3.9/lib/python/site-packages/urllib3/__init__.py:35: NotOpenSSLWarning: urllib3 v2 only supports OpenSSL 1.1.1+, currently the 'ssl' module is compiled with 'LibreSSL 2.8.3'. See: https://github.com/urllib3/urllib3/issues/3020
  warnings.warn(
$BLDE: possibly delisted; no price data found  (period=3mo) (Yahoo error = "No data found, symbol may be delisted")
$SMAR: possibly delisted; no price data found  (period=3mo) (Yahoo error = "No data found, symbol may be delisted")
$ZI: possibly delisted; no price data found  (period=3mo) (Yahoo error = "No data found, symbol may be delisted")
[2026-04-07 22:50:02] מתחיל סריקה...
סרקתי 47 מניות
✅ מייל נשלח (22:50:43)
סיום.
/Users/iliaraizman/Library/Python/3.9/lib/python/site-packages/urllib3/__init__.py:35: NotOpenSSLWarning: urllib3 v2 only supports OpenSSL 1.1.1+, currently the 'ssl' module is compiled with 'LibreSSL 2.8.3'. See: https://github.com/urllib3/urllib3/issues/3020
  warnings.warn(
$BLDE: possibly delisted; no price data found  (period=3mo) (Yahoo error = "No data found, symbol may be delisted")
$SMAR: possibly delisted; no price data found  (period=3mo) (Yahoo error = "No data found, symbol may be delisted")
$ZI: possibly delisted; no price data found  (period=3mo) (Yahoo error = "No data found, symbol may be delisted")
[2026-04-08 22:50:02] מתחיל סריקה...
סרקתי 47 מניות
✅ מייל נשלח (22:50:45)
סיום.
/Users/iliaraizman/Library/Python/3.9/lib/python/site-packages/urllib3/__init__.py:35: NotOpenSSLWarning: urllib3 v2 only supports OpenSSL 1.1.1+, currently the 'ssl' module is compiled with 'LibreSSL 2.8.3'. See: https://github.com/urllib3/urllib3/issues/3020
  warnings.warn(
$BLDE: possibly delisted; no price data found  (period=3mo) (Yahoo error = "No data found, symbol may be delisted")
$SMAR: possibly delisted; no price data found  (period=3mo) (Yahoo error = "No data found, symbol may be delisted")
$ZI: possibly delisted; no price data found  (period=3mo) (Yahoo error = "No data found, symbol may be delisted")
[2026-04-09 22:50:01] מתחיל סריקה...
סרקתי 47 מניות
✅ מייל נשלח (22:50:43)
סיום.
/Users/iliaraizman/Library/Python/3.9/lib/python/site-packages/urllib3/__init__.py:35: NotOpenSSLWarning: urllib3 v2 only supports OpenSSL 1.1.1+, currently the 'ssl' module is compiled with 'LibreSSL 2.8.3'. See: https://github.com/urllib3/urllib3/issues/3020
  warnings.warn(
[2026-04-15 22:50:01] מתחיל סריקה...
סרקתי 13 מניות
✅ מייל נשלח (22:50:25)
סיום.
/Users/iliaraizman/Library/Python/3.9/lib/python/site-packages/urllib3/__init__.py:35: NotOpenSSLWarning: urllib3 v2 only supports OpenSSL 1.1.1+, currently the 'ssl' module is compiled with 'LibreSSL 2.8.3'. See: https://github.com/urllib3/urllib3/issues/3020
  warnings.warn(
[2026-04-17 22:50:02] מתחיל סריקה...
סרקתי 8 מניות
✅ מייל נשלח (22:50:24)
סיום.
/Users/iliaraizman/Library/Python/3.9/lib/python/site-packages/urllib3/__init__.py:35: NotOpenSSLWarning: urllib3 v2 only supports OpenSSL 1.1.1+, currently the 'ssl' module is compiled with 'LibreSSL 2.8.3'. See: https://github.com/urllib3/urllib3/issues/3020
  warnings.warn(
[2026-04-21 11:00:02] מתחיל סריקה...
סרקתי 2 מניות
✅ מייל נשלח (11:00:22)
סיום.
/Users/iliaraizman/Library/Python/3.9/lib/python/site-packages/urllib3/__init__.py:35: NotOpenSSLWarning: urllib3 v2 only supports OpenSSL 1.1.1+, currently the 'ssl' module is compiled with 'LibreSSL 2.8.3'. See: https://github.com/urllib3/urllib3/issues/3020
  warnings.warn(
[2026-04-21 22:50:02] מתחיל סריקה...
סרקתי 1 מניות
✅ מייל נשלח (22:50:22)
סיום.
/Users/iliaraizman/Library/Python/3.9/lib/python/site-packages/urllib3/__init__.py:35: NotOpenSSLWarning: urllib3 v2 only supports OpenSSL 1.1.1+, currently the 'ssl' module is compiled with 'LibreSSL 2.8.3'. See: https://github.com/urllib3/urllib3/issues/3020
  warnings.warn(
[2026-04-22 11:00:01] מתחיל סריקה...
סרקתי 1 מניות
✅ מייל נשלח (11:00:27)
סיום.
/Users/iliaraizman/Library/Python/3.9/lib/python/site-packages/urllib3/__init__.py:35: NotOpenSSLWarning: urllib3 v2 only supports OpenSSL 1.1.1+, currently the 'ssl' module is compiled with 'LibreSSL 2.8.3'. See: https://github.com/urllib3/urllib3/issues/3020
  warnings.warn(
[2026-04-24 22:50:01] מתחיל סריקה...
סרקתי 3 מניות
✅ מייל נשלח (22:50:22)
סיום.
/Users/iliaraizman/Library/Python/3.9/lib/python/site-packages/urllib3/__init__.py:35: NotOpenSSLWarning: urllib3 v2 only supports OpenSSL 1.1.1+, currently the 'ssl' module is compiled with 'LibreSSL 2.8.3'. See: https://github.com/urllib3/urllib3/issues/3020
  warnings.warn(
[2026-04-25 22:50:01] מתחיל סריקה...
סרקתי 3 מניות
✅ מייל נשלח (22:50:19)
סיום.
/Users/iliaraizman/Library/Python/3.9/lib/python/site-packages/urllib3/__init__.py:35: NotOpenSSLWarning: urllib3 v2 only supports OpenSSL 1.1.1+, currently the 'ssl' module is compiled with 'LibreSSL 2.8.3'. See: https://github.com/urllib3/urllib3/issues/3020
  warnings.warn(
[2026-04-27 22:50:01] מתחיל סריקה...
סרקתי 2 מניות
✅ מייל נשלח (22:50:21)
סיום.
/Users/iliaraizman/Library/Python/3.9/lib/python/site-packages/urllib3/__init__.py:35: NotOpenSSLWarning: urllib3 v2 only supports OpenSSL 1.1.1+, currently the 'ssl' module is compiled with 'LibreSSL 2.8.3'. See: https://github.com/urllib3/urllib3/issues/3020
  warnings.warn(
[2026-05-01 11:00:01] מתחיל סריקה...
סרקתי 5 מניות
✅ מייל נשלח (11:00:23)
סיום.
/Users/iliaraizman/Library/Python/3.9/lib/python/site-packages/urllib3/__init__.py:35: NotOpenSSLWarning: urllib3 v2 only supports OpenSSL 1.1.1+, currently the 'ssl' module is compiled with 'LibreSSL 2.8.3'. See: https://github.com/urllib3/urllib3/issues/3020
  warnings.warn(
[2026-05-12 11:00:02] מתחיל סריקה...
סרקתי 13 מניות
✅ מייל נשלח (11:00:34)
סיום.
/Users/iliaraizman/Library/Python/3.9/lib/python/site-packages/urllib3/__init__.py:35: NotOpenSSLWarning: urllib3 v2 only supports OpenSSL 1.1.1+, currently the 'ssl' module is compiled with 'LibreSSL 2.8.3'. See: https://github.com/urllib3/urllib3/issues/3020
  warnings.warn(
[2026-05-13 11:00:04] מתחיל סריקה...
סרקתי 2 מניות
✅ מייל נשלח (11:00:30)
סיום.
/Users/iliaraizman/Library/Python/3.9/lib/python/site-packages/urllib3/__init__.py:35: NotOpenSSLWarning: urllib3 v2 only supports OpenSSL 1.1.1+, currently the 'ssl' module is compiled with 'LibreSSL 2.8.3'. See: https://github.com/urllib3/urllib3/issues/3020
  warnings.warn(
[2026-05-13 18:49:31] מתחיל סריקה...
סרקתי 3 מניות
✅ מייל נשלח (18:49:51)
סיום.
/Users/iliaraizman/Library/Python/3.9/lib/python/site-packages/urllib3/__init__.py:35: NotOpenSSLWarning: urllib3 v2 only supports OpenSSL 1.1.1+, currently the 'ssl' module is compiled with 'LibreSSL 2.8.3'. See: https://github.com/urllib3/urllib3/issues/3020
  warnings.warn(
[2026-05-15 22:50:02] מתחיל סריקה...
סרקתי 1 מניות
✅ מייל נשלח (22:50:19)
סיום.
/Users/iliaraizman/Library/Python/3.9/lib/python/site-packages/urllib3/__init__.py:35: NotOpenSSLWarning: urllib3 v2 only supports OpenSSL 1.1.1+, currently the 'ssl' module is compiled with 'LibreSSL 2.8.3'. See: https://github.com/urllib3/urllib3/issues/3020
  warnings.warn(
[2026-05-29 11:00:02] מתחיל סריקה...
סרקתי 11 מניות
✅ מייל נשלח (11:00:42)
סיום.
/Users/iliaraizman/Library/Python/3.9/lib/python/site-packages/urllib3/__init__.py:35: NotOpenSSLWarning: urllib3 v2 only supports OpenSSL 1.1.1+, currently the 'ssl' module is compiled with 'LibreSSL 2.8.3'. See: https://github.com/urllib3/urllib3/issues/3020
  warnings.warn(
[2026-06-01 18:45:02] מתחיל סריקה...
סרקתי 1 מניות
✅ מייל נשלח (18:45:21)
סיום.
/Users/iliaraizman/Library/Python/3.9/lib/python/site-packages/urllib3/__init__.py:35: NotOpenSSLWarning: urllib3 v2 only supports OpenSSL 1.1.1+, currently the 'ssl' module is compiled with 'LibreSSL 2.8.3'. See: https://github.com/urllib3/urllib3/issues/3020
  warnings.warn(
[2026-06-01 22:50:01] מתחיל סריקה...
סרקתי 5 מניות
✅ מייל נשלח (22:50:23)
סיום.
